app/build/intermediates/manifest_merge_blame_file/debug/manifest-merger-blame-debug-report.txt
1<?xml version="1.0" encoding="utf-8"?>
2<manifest xmlns:android="http://schemas.android.com/apk/res/android"
3    package="com.marix.ekonomnoclub"
4    android:versionCode="1"
5    android:versionName="1.0" >
6
7    <uses-sdk
8        android:minSdkVersion="19"
8-->src\main\AndroidManifest.xml
9        android:targetSdkVersion="29" />
9-->src\main\AndroidManifest.xml
10
11    <uses-permission android:name="android.permission.INTERNET" />
11-->src\main\AndroidManifest.xml:5:5-67
11-->src\main\AndroidManifest.xml:5:22-64
12    <uses-permission android:name="android.permission.CAMERA" />
12-->src\main\AndroidManifest.xml:6:5-65
12-->src\main\AndroidManifest.xml:6:22-62
13    <uses-permission android:name="android.permission.ACCESS_NOTIFICATION_POLICY" />
13-->src\main\AndroidManifest.xml:7:5-84
13-->src\main\AndroidManifest.xml:7:22-82
14
15    <!-- Create a unique permission for your app and use it so only your app can receive your OneSignal messages. -->
16    <permission
16-->[com.onesignal:OneSignal:3.12.5] AndroidManifest.xml:7:5-9:47
17        android:name="com.marix.ekonomnoclub.permission.C2D_MESSAGE"
17-->[com.onesignal:OneSignal:3.12.5] AndroidManifest.xml:8:9-63
18        android:protectionLevel="signature" />
18-->[com.onesignal:OneSignal:3.12.5] AndroidManifest.xml:9:9-44
19
20    <uses-permission android:name="com.marix.ekonomnoclub.permission.C2D_MESSAGE" />
20-->[com.onesignal:OneSignal:3.12.5] AndroidManifest.xml:11:5-79
20-->[com.onesignal:OneSignal:3.12.5] AndroidManifest.xml:11:22-76
21    <uses-permission android:name="com.google.android.c2dm.permission.RECEIVE" /> <!-- Required, makes sure notifications are delivered on time. -->
21-->[com.onesignal:OneSignal:3.12.5] AndroidManifest.xml:17:5-82
21-->[com.onesignal:OneSignal:3.12.5] AndroidManifest.xml:17:22-79
22    <uses-permission android:name="android.permission.WAKE_LOCK" />
22-->[com.onesignal:OneSignal:3.12.5] AndroidManifest.xml:18:5-68
22-->[com.onesignal:OneSignal:3.12.5] AndroidManifest.xml:18:22-65
23    <!--
24 Required so the device vibrates on receiving a push notification.
25         Vibration settings of the device still apply.
26    -->
27    <uses-permission android:name="android.permission.VIBRATE" />
27-->[com.onesignal:OneSignal:3.12.5] AndroidManifest.xml:23:5-66
27-->[com.onesignal:OneSignal:3.12.5] AndroidManifest.xml:23:22-63
28    <uses-permission android:name="android.permission.ACCESS_NETWORK_STATE" />
28-->[com.onesignal:OneSignal:3.12.5] AndroidManifest.xml:24:5-79
28-->[com.onesignal:OneSignal:3.12.5] AndroidManifest.xml:24:22-76
29    <!--
30 Use to restore notifications the user hasn't interacted with.
31         They could be missed notifications if the user reboots their device if this isn't in place.
32    -->
33    <uses-permission android:name="android.permission.RECEIVE_BOOT_COMPLETED" /> <!-- START: ShortcutBadger -->
33-->[com.onesignal:OneSignal:3.12.5] AndroidManifest.xml:29:5-81
33-->[com.onesignal:OneSignal:3.12.5] AndroidManifest.xml:29:22-78
34    <!-- Samsung -->
35    <uses-permission android:name="com.sec.android.provider.badge.permission.READ" />
35-->[com.onesignal:OneSignal:3.12.5] AndroidManifest.xml:31:5-86
35-->[com.onesignal:OneSignal:3.12.5] AndroidManifest.xml:31:22-83
36    <uses-permission android:name="com.sec.android.provider.badge.permission.WRITE" /> <!-- HTC -->
36-->[com.onesignal:OneSignal:3.12.5] AndroidManifest.xml:32:5-87
36-->[com.onesignal:OneSignal:3.12.5] AndroidManifest.xml:32:22-84
37    <uses-permission android:name="com.htc.launcher.permission.READ_SETTINGS" />
37-->[com.onesignal:OneSignal:3.12.5] AndroidManifest.xml:33:5-81
37-->[com.onesignal:OneSignal:3.12.5] AndroidManifest.xml:33:22-78
38    <uses-permission android:name="com.htc.launcher.permission.UPDATE_SHORTCUT" /> <!-- Sony -->
38-->[com.onesignal:OneSignal:3.12.5] AndroidManifest.xml:34:5-83
38-->[com.onesignal:OneSignal:3.12.5] AndroidManifest.xml:34:22-80
39    <uses-permission android:name="com.sonyericsson.home.permission.BROADCAST_BADGE" />
39-->[com.onesignal:OneSignal:3.12.5] AndroidManifest.xml:35:5-88
39-->[com.onesignal:OneSignal:3.12.5] AndroidManifest.xml:35:22-85
40    <uses-permission android:name="com.sonymobile.home.permission.PROVIDER_INSERT_BADGE" /> <!-- Apex -->
40-->[com.onesignal:OneSignal:3.12.5] AndroidManifest.xml:36:5-92
40-->[com.onesignal:OneSignal:3.12.5] AndroidManifest.xml:36:22-89
41    <uses-permission android:name="com.anddoes.launcher.permission.UPDATE_COUNT" /> <!-- Solid -->
41-->[com.onesignal:OneSignal:3.12.5] AndroidManifest.xml:37:5-84
41-->[com.onesignal:OneSignal:3.12.5] AndroidManifest.xml:37:22-81
42    <uses-permission android:name="com.majeur.launcher.permission.UPDATE_BADGE" /> <!-- Huawei -->
42-->[com.onesignal:OneSignal:3.12.5] AndroidManifest.xml:38:5-83
42-->[com.onesignal:OneSignal:3.12.5] AndroidManifest.xml:38:22-80
43    <uses-permission android:name="com.huawei.android.launcher.permission.CHANGE_BADGE" />
43-->[com.onesignal:OneSignal:3.12.5] AndroidManifest.xml:39:5-91
43-->[com.onesignal:OneSignal:3.12.5] AndroidManifest.xml:39:22-88
44    <uses-permission android:name="com.huawei.android.launcher.permission.READ_SETTINGS" />
44-->[com.onesignal:OneSignal:3.12.5] AndroidManifest.xml:40:5-92
44-->[com.onesignal:OneSignal:3.12.5] AndroidManifest.xml:40:22-89
45    <uses-permission android:name="com.huawei.android.launcher.permission.WRITE_SETTINGS" /> <!-- ZUK -->
45-->[com.onesignal:OneSignal:3.12.5] AndroidManifest.xml:41:5-93
45-->[com.onesignal:OneSignal:3.12.5] AndroidManifest.xml:41:22-90
46    <uses-permission android:name="android.permission.READ_APP_BADGE" /> <!-- OPPO -->
46-->[com.onesignal:OneSignal:3.12.5] AndroidManifest.xml:42:5-73
46-->[com.onesignal:OneSignal:3.12.5] AndroidManifest.xml:42:22-70
47    <uses-permission android:name="com.oppo.launcher.permission.READ_SETTINGS" />
47-->[com.onesignal:OneSignal:3.12.5] AndroidManifest.xml:43:5-82
47-->[com.onesignal:OneSignal:3.12.5] AndroidManifest.xml:43:22-79
48    <uses-permission android:name="com.oppo.launcher.permission.WRITE_SETTINGS" /> <!-- EvMe -->
48-->[com.onesignal:OneSignal:3.12.5] AndroidManifest.xml:44:5-83
48-->[com.onesignal:OneSignal:3.12.5] AndroidManifest.xml:44:22-80
49    <uses-permission android:name="me.everything.badger.permission.BADGE_COUNT_READ" />
49-->[com.onesignal:OneSignal:3.12.5] AndroidManifest.xml:45:5-88
49-->[com.onesignal:OneSignal:3.12.5] AndroidManifest.xml:45:22-85
50    <uses-permission android:name="me.everything.badger.permission.BADGE_COUNT_WRITE" />
50-->[com.onesignal:OneSignal:3.12.5] AndroidManifest.xml:46:5-89
50-->[com.onesignal:OneSignal:3.12.5] AndroidManifest.xml:46:22-86
51
52    <application
52-->src\main\AndroidManifest.xml:9:5-24:19
53        android:allowBackup="true"
53-->src\main\AndroidManifest.xml:10:9-35
54        android:appComponentFactory="androidx.core.app.CoreComponentFactory"
54-->[androidx.core:core:1.1.0] AndroidManifest.xml:24:18-86
55        android:debuggable="true"
56        android:icon="@mipmap/ic_launcher"
56-->src\main\AndroidManifest.xml:11:9-43
57        android:label="@string/app_name"
57-->src\main\AndroidManifest.xml:12:9-41
58        android:roundIcon="@mipmap/ic_launcher_round"
58-->src\main\AndroidManifest.xml:13:9-54
59        android:supportsRtl="true"
59-->src\main\AndroidManifest.xml:14:9-35
60        android:testOnly="true"
61        android:theme="@style/Theme.AppCompat.NoActionBar" >
61-->src\main\AndroidManifest.xml:15:9-59
62        <activity android:name="com.marix.ekonomnoclub.MainActivity" >
62-->src\main\AndroidManifest.xml:17:9-23:20
62-->src\main\AndroidManifest.xml:17:19-47
63            <intent-filter>
63-->src\main\AndroidManifest.xml:18:13-22:29
64                <action android:name="android.intent.action.MAIN" />
64-->src\main\AndroidManifest.xml:19:17-69
64-->src\main\AndroidManifest.xml:19:25-66
65
66                <category android:name="android.intent.category.LAUNCHER" />
66-->src\main\AndroidManifest.xml:21:17-77
66-->src\main\AndroidManifest.xml:21:27-74
67            </intent-filter>
68        </activity>
69
70        <meta-data
70-->[com.onesignal:OneSignal:3.12.5] AndroidManifest.xml:49:9-51:51
71            android:name="onesignal_app_id"
71-->[com.onesignal:OneSignal:3.12.5] AndroidManifest.xml:50:13-44
72            android:value="01be3950-f985-4231-a3b7-cad45e00740c" /> <!-- Deprecated - Pulled from OneSignal dashboard. -->
72-->[com.onesignal:OneSignal:3.12.5] AndroidManifest.xml:51:13-48
73        <meta-data
73-->[com.onesignal:OneSignal:3.12.5] AndroidManifest.xml:53:9-55:70
74            android:name="onesignal_google_project_number"
74-->[com.onesignal:OneSignal:3.12.5] AndroidManifest.xml:54:13-59
75            android:value="str:REMOTE" />
75-->[com.onesignal:OneSignal:3.12.5] AndroidManifest.xml:55:13-67
76
77        <receiver
77-->[com.onesignal:OneSignal:3.12.5] AndroidManifest.xml:57:9-67:20
78            android:name="com.onesignal.GcmBroadcastReceiver"
78-->[com.onesignal:OneSignal:3.12.5] AndroidManifest.xml:58:13-62
79            android:permission="com.google.android.c2dm.permission.SEND" >
79-->[com.onesignal:OneSignal:3.12.5] AndroidManifest.xml:59:13-73
80
81            <!-- High priority so OneSignal payloads can be filtered from other GCM receivers if filterOtherGCMReceivers is enabled. -->
82            <intent-filter android:priority="999" >
82-->[com.onesignal:OneSignal:3.12.5] AndroidManifest.xml:62:13-66:29
82-->[com.onesignal:OneSignal:3.12.5] AndroidManifest.xml:62:28-50
83                <action android:name="com.google.android.c2dm.intent.RECEIVE" />
83-->[com.onesignal:OneSignal:3.12.5] AndroidManifest.xml:63:17-81
83-->[com.onesignal:OneSignal:3.12.5] AndroidManifest.xml:63:25-78
84
85                <category android:name="com.marix.ekonomnoclub" />
85-->[com.onesignal:OneSignal:3.12.5] AndroidManifest.xml:65:17-61
85-->[com.onesignal:OneSignal:3.12.5] AndroidManifest.xml:65:27-58
86            </intent-filter>
87        </receiver>
88        <receiver android:name="com.onesignal.NotificationOpenedReceiver" />
88-->[com.onesignal:OneSignal:3.12.5] AndroidManifest.xml:68:9-77
88-->[com.onesignal:OneSignal:3.12.5] AndroidManifest.xml:68:19-74
89
90        <service android:name="com.onesignal.GcmIntentService" />
90-->[com.onesignal:OneSignal:3.12.5] AndroidManifest.xml:70:9-66
90-->[com.onesignal:OneSignal:3.12.5] AndroidManifest.xml:70:18-63
91        <service
91-->[com.onesignal:OneSignal:3.12.5] AndroidManifest.xml:71:9-73:72
92            android:name="com.onesignal.GcmIntentJobService"
92-->[com.onesignal:OneSignal:3.12.5] AndroidManifest.xml:72:13-61
93            android:permission="android.permission.BIND_JOB_SERVICE" />
93-->[com.onesignal:OneSignal:3.12.5] AndroidManifest.xml:73:13-69
94        <service
94-->[com.onesignal:OneSignal:3.12.5] AndroidManifest.xml:74:9-76:72
95            android:name="com.onesignal.RestoreJobService"
95-->[com.onesignal:OneSignal:3.12.5] AndroidManifest.xml:75:13-59
96            android:permission="android.permission.BIND_JOB_SERVICE" />
96-->[com.onesignal:OneSignal:3.12.5] AndroidManifest.xml:76:13-69
97        <service
97-->[com.onesignal:OneSignal:3.12.5] AndroidManifest.xml:77:9-79:72
98            android:name="com.onesignal.RestoreKickoffJobService"
98-->[com.onesignal:OneSignal:3.12.5] AndroidManifest.xml:78:13-66
99            android:permission="android.permission.BIND_JOB_SERVICE" />
99-->[com.onesignal:OneSignal:3.12.5] AndroidManifest.xml:79:13-69
100        <service
100-->[com.onesignal:OneSignal:3.12.5] AndroidManifest.xml:80:9-82:43
101            android:name="com.onesignal.SyncService"
101-->[com.onesignal:OneSignal:3.12.5] AndroidManifest.xml:81:13-53
102            android:stopWithTask="true" />
102-->[com.onesignal:OneSignal:3.12.5] AndroidManifest.xml:82:13-40
103        <service
103-->[com.onesignal:OneSignal:3.12.5] AndroidManifest.xml:83:9-85:72
104            android:name="com.onesignal.SyncJobService"
104-->[com.onesignal:OneSignal:3.12.5] AndroidManifest.xml:84:13-56
105            android:permission="android.permission.BIND_JOB_SERVICE" />
105-->[com.onesignal:OneSignal:3.12.5] AndroidManifest.xml:85:13-69
106
107        <activity
107-->[com.onesignal:OneSignal:3.12.5] AndroidManifest.xml:87:9-89:75
108            android:name="com.onesignal.PermissionsActivity"
108-->[com.onesignal:OneSignal:3.12.5] AndroidManifest.xml:88:13-61
109            android:theme="@android:style/Theme.Translucent.NoTitleBar" />
109-->[com.onesignal:OneSignal:3.12.5] AndroidManifest.xml:89:13-72
110
111        <service android:name="com.onesignal.NotificationRestoreService" />
111-->[com.onesignal:OneSignal:3.12.5] AndroidManifest.xml:91:9-76
111-->[com.onesignal:OneSignal:3.12.5] AndroidManifest.xml:91:18-73
112
113        <receiver android:name="com.onesignal.BootUpReceiver" >
113-->[com.onesignal:OneSignal:3.12.5] AndroidManifest.xml:93:9-98:20
113-->[com.onesignal:OneSignal:3.12.5] AndroidManifest.xml:93:19-62
114            <intent-filter>
114-->[com.onesignal:OneSignal:3.12.5] AndroidManifest.xml:94:13-97:29
115                <action android:name="android.intent.action.BOOT_COMPLETED" />
115-->[com.onesignal:OneSignal:3.12.5] AndroidManifest.xml:95:17-79
115-->[com.onesignal:OneSignal:3.12.5] AndroidManifest.xml:95:25-76
116                <action android:name="android.intent.action.QUICKBOOT_POWERON" />
116-->[com.onesignal:OneSignal:3.12.5] AndroidManifest.xml:96:17-82
116-->[com.onesignal:OneSignal:3.12.5] AndroidManifest.xml:96:25-79
117            </intent-filter>
118        </receiver>
119        <receiver android:name="com.onesignal.UpgradeReceiver" >
119-->[com.onesignal:OneSignal:3.12.5] AndroidManifest.xml:99:9-103:20
119-->[com.onesignal:OneSignal:3.12.5] AndroidManifest.xml:99:19-63
120            <intent-filter>
120-->[com.onesignal:OneSignal:3.12.5] AndroidManifest.xml:100:13-102:29
121                <action android:name="android.intent.action.MY_PACKAGE_REPLACED" />
121-->[com.onesignal:OneSignal:3.12.5] AndroidManifest.xml:101:17-84
121-->[com.onesignal:OneSignal:3.12.5] AndroidManifest.xml:101:25-81
122            </intent-filter>
123        </receiver>
124        <!--
125             FirebaseMessagingService performs security checks at runtime,
126             no need for explicit permissions despite exported="true"
127        -->
128        <service
128-->[com.google.firebase:firebase-messaging:17.3.3] AndroidManifest.xml:28:9-34:19
129            android:name="com.google.firebase.messaging.FirebaseMessagingService"
129-->[com.google.firebase:firebase-messaging:17.3.3] AndroidManifest.xml:29:13-82
130            android:exported="true" >
130-->[com.google.firebase:firebase-messaging:17.3.3] AndroidManifest.xml:30:13-36
131            <intent-filter android:priority="-500" >
131-->[com.google.firebase:firebase-messaging:17.3.3] AndroidManifest.xml:31:13-33:29
131-->[com.google.firebase:firebase-messaging:17.3.3] AndroidManifest.xml:31:28-51
132                <action android:name="com.google.firebase.MESSAGING_EVENT" />
132-->[com.google.firebase:firebase-messaging:17.3.3] AndroidManifest.xml:32:17-78
132-->[com.google.firebase:firebase-messaging:17.3.3] AndroidManifest.xml:32:25-75
133            </intent-filter>
134        </service>
135        <service
135-->[com.google.firebase:firebase-iid:17.0.3] AndroidManifest.xml:29:9-35:19
136            android:name="com.google.firebase.components.ComponentDiscoveryService"
136-->[com.google.firebase:firebase-iid:17.0.3] AndroidManifest.xml:30:13-84
137            android:exported="false" >
137-->[com.google.firebase:firebase-iid:17.0.3] AndroidManifest.xml:31:13-37
138            <meta-data
138-->[com.google.firebase:firebase-iid:17.0.3] AndroidManifest.xml:32:13-34:85
139                android:name="com.google.firebase.components:com.google.firebase.iid.Registrar"
139-->[com.google.firebase:firebase-iid:17.0.3] AndroidManifest.xml:33:17-96
140                android:value="com.google.firebase.components.ComponentRegistrar" />
140-->[com.google.firebase:firebase-iid:17.0.3] AndroidManifest.xml:34:17-82
141        </service>
142
143        <receiver
143-->[com.google.firebase:firebase-iid:17.0.3] AndroidManifest.xml:37:9-44:20
144            android:name="com.google.firebase.iid.FirebaseInstanceIdReceiver"
144-->[com.google.firebase:firebase-iid:17.0.3] AndroidManifest.xml:38:13-78
145            android:exported="true"
145-->[com.google.firebase:firebase-iid:17.0.3] AndroidManifest.xml:39:13-36
146            android:permission="com.google.android.c2dm.permission.SEND" >
146-->[com.google.firebase:firebase-iid:17.0.3] AndroidManifest.xml:40:13-73
147            <intent-filter>
147-->[com.google.firebase:firebase-iid:17.0.3] AndroidManifest.xml:41:13-43:29
148                <action android:name="com.google.android.c2dm.intent.RECEIVE" />
148-->[com.onesignal:OneSignal:3.12.5] AndroidManifest.xml:63:17-81
148-->[com.onesignal:OneSignal:3.12.5] AndroidManifest.xml:63:25-78
149            </intent-filter>
150        </receiver>
151        <!--
152             FirebaseInstanceIdService performs security checks at runtime,
153             no need for explicit permissions despite exported="true"
154        -->
155        <service
155-->[com.google.firebase:firebase-iid:17.0.3] AndroidManifest.xml:50:9-56:19
156            android:name="com.google.firebase.iid.FirebaseInstanceIdService"
156-->[com.google.firebase:firebase-iid:17.0.3] AndroidManifest.xml:51:13-77
157            android:exported="true" >
157-->[com.google.firebase:firebase-iid:17.0.3] AndroidManifest.xml:52:13-36
158            <intent-filter android:priority="-500" >
158-->[com.google.firebase:firebase-iid:17.0.3] AndroidManifest.xml:53:13-55:29
158-->[com.google.firebase:firebase-iid:17.0.3] AndroidManifest.xml:53:28-51
159                <action android:name="com.google.firebase.INSTANCE_ID_EVENT" />
159-->[com.google.firebase:firebase-iid:17.0.3] AndroidManifest.xml:54:17-80
159-->[com.google.firebase:firebase-iid:17.0.3] AndroidManifest.xml:54:25-77
160            </intent-filter>
161        </service>
162
163        <provider
163-->[com.google.firebase:firebase-common:16.0.3] AndroidManifest.xml:10:9-14:39
164            android:name="com.google.firebase.provider.FirebaseInitProvider"
164-->[com.google.firebase:firebase-common:16.0.3] AndroidManifest.xml:11:13-77
165            android:authorities="com.marix.ekonomnoclub.firebaseinitprovider"
165-->[com.google.firebase:firebase-common:16.0.3] AndroidManifest.xml:12:13-72
166            android:exported="false"
166-->[com.google.firebase:firebase-common:16.0.3] AndroidManifest.xml:13:13-37
167            android:initOrder="100" />
167-->[com.google.firebase:firebase-common:16.0.3] AndroidManifest.xml:14:13-36
168
169        <activity
169-->[com.google.android.gms:play-services-base:16.0.1] AndroidManifest.xml:23:9-26:75
170            android:name="com.google.android.gms.common.api.GoogleApiActivity"
170-->[com.google.android.gms:play-services-base:16.0.1] AndroidManifest.xml:24:13-79
171            android:exported="false"
171-->[com.google.android.gms:play-services-base:16.0.1] AndroidManifest.xml:25:13-37
172            android:theme="@android:style/Theme.Translucent.NoTitleBar" />
172-->[com.google.android.gms:play-services-base:16.0.1] AndroidManifest.xml:26:13-72
173
174        <meta-data
174-->[com.google.android.gms:play-services-basement:16.0.1] AndroidManifest.xml:23:9-25:69
175            android:name="com.google.android.gms.version"
175-->[com.google.android.gms:play-services-basement:16.0.1] AndroidManifest.xml:24:13-58
176            android:value="@integer/google_play_services_version" />
176-->[com.google.android.gms:play-services-basement:16.0.1] AndroidManifest.xml:25:13-66
177    </application>
178
179</manifest>